#
# Copyright (c) 2009 Nokia Corporation and/or its subsidiary(-ies).
# All rights reserved.
# This component and the accompanying materials are made available
# under the terms of "Eclipse Public License v1.0"
# which accompanies this distribution, and is available
# at the URL "http://www.eclipse.org/legal/epl-v10.html".
#
# Initial Contributors:
# Nokia Corporation - initial contribution.
#
# Contributors:
#
# Description: 
#

component	security_tlsprovider
source	\sf\os\networkingsrv\networksecurity\tlsprovider
binary	\sf\os\networkingsrv\networksecurity\tlsprovider\group	all         
exports \sf\os\networkingsrv\networksecurity\tlsprovider\group
notes_source	\component_defs\release.src


ipr D 
ipr T \sf\os\networkingsrv\networksecurity\tlsprovider\Test

