#
# Copyright (c) 2009 Nokia Corporation and/or its subsidiary(-ies).
# All rights reserved.
# This component and the accompanying materials are made available
# under the terms of "Eclipse Public License v1.0"
# which accompanies this distribution, and is available
# at the URL "http://www.eclipse.org/legal/epl-v10.html".
#
# Initial Contributors:
# Nokia Corporation - initial contribution.
#
# Contributors:
#
# Description: 
#

component	networking_dnd-config

# configuration files disowned from dnd. Now owned by this MRP file.
source	\sf\os\networkingsrv\tcpiputils\dnd\data
binary	\sf\os\networkingsrv\tcpiputils\dnd\data	all
exports	\sf\os\networkingsrv\tcpiputils\dnd\data

notes_source	\component_defs\release.src


# ==   comments appear after the line they describe  ==
ipr D 
# Assigned Category B until the interpretation of the contract has defined the correct IPR categories.

