#
# Copyright (c) 2009 Nokia Corporation and/or its subsidiary(-ies).
# All rights reserved.
# This component and the accompanying materials are made available
# under the terms of "Eclipse Public License v1.0"
# which accompanies this distribution, and is available
# at the URL "http://www.eclipse.org/legal/epl-v10.html".
#
# Initial Contributors:
# Nokia Corporation - initial contribution.
#
# Contributors:
#
# Description: 
#

component	networking_napt
source	\sf\os\networkingsrv\tcpiputils\networkaddressandporttranslation
binary	\sf\os\networkingsrv\tcpiputils\networkaddressandporttranslation\group	all
exports	\sf\os\networkingsrv\tcpiputils\networkaddressandporttranslation\group
notes_source	\component_defs\release.src


ipr D 
ipr T \sf\os\networkingsrv\tcpiputils\networkaddressandporttranslation\TE_Napt
ipr T \sf\os\networkingsrv\tcpiputils\networkaddressandporttranslation\Te_NaptCap
ipr T \sf\os\networkingsrv\tcpiputils\networkaddressandporttranslation\te_unittest
